d:\designpatterns\simplefactorymethod\project1\debug\vc142.pdb
d:\designpatterns\simplefactorymethod\project1\debug\vc142.idb
d:\designpatterns\simplefactorymethod\project1\debug\veggiepizza.obj
d:\designpatterns\simplefactorymethod\project1\debug\ipizza.obj
d:\designpatterns\simplefactorymethod\project1\debug\pizzastore.obj
d:\designpatterns\simplefactorymethod\project1\debug\simplepizzafactory.obj
d:\designpatterns\simplefactorymethod\project1\debug\pizzatestdriver.obj
d:\designpatterns\simplefactorymethod\project1\debug\pepperonipizza.obj
d:\designpatterns\simplefactorymethod\project1\debug\clampizza.obj
d:\designpatterns\simplefactorymethod\project1\debug\cheesepizza.obj
d:\designpatterns\simplefactorymethod\project1\debug\simplefactorydesignpattern.pdb
d:\designpatterns\simplefactorymethod\project1\debug\simplefa.e162fdc8.tlog\cl.command.1.tlog
d:\designpatterns\simplefactorymethod\project1\debug\simplefa.e162fdc8.tlog\cl.read.1.tlog
d:\designpatterns\simplefactorymethod\project1\debug\simplefa.e162fdc8.tlog\cl.write.1.tlog
d:\designpatterns\simplefactorymethod\project1\debug\simplefa.e162fdc8.tlog\link-cvtres.read.1.tlog
d:\designpatterns\simplefactorymethod\project1\debug\simplefa.e162fdc8.tlog\link-cvtres.write.1.tlog
d:\designpatterns\simplefactorymethod\project1\debug\simplefa.e162fdc8.tlog\link-rc.read.1.tlog
d:\designpatterns\simplefactorymethod\project1\debug\simplefa.e162fdc8.tlog\link-rc.write.1.tlog
d:\designpatterns\simplefactorymethod\project1\debug\simplefa.e162fdc8.tlog\link.command.1.tlog
d:\designpatterns\simplefactorymethod\project1\debug\simplefa.e162fdc8.tlog\link.read.1.tlog
d:\designpatterns\simplefactorymethod\project1\debug\simplefa.e162fdc8.tlog\link.write.1.tlog
